0 info it worked if it ends with ok
1 verbose cli [ '/usr/local/bin/node',
1 verbose cli   '/usr/local/bin/npm',
1 verbose cli   'install',
1 verbose cli   '-g',
1 verbose cli   'firebase-tools' ]
2 info using npm@2.15.5
3 info using node@v4.4.5
4 verbose install initial load of /usr/local/lib/package.json
5 verbose readDependencies loading dependencies from /usr/local/lib/package.json
6 silly cache add args [ 'firebase-tools', null ]
7 verbose cache add spec firebase-tools
8 silly cache add parsed spec Result {
8 silly cache add   raw: 'firebase-tools',
8 silly cache add   scope: null,
8 silly cache add   name: 'firebase-tools',
8 silly cache add   rawSpec: '',
8 silly cache add   spec: 'latest',
8 silly cache add   type: 'tag' }
9 silly addNamed firebase-tools@latest
10 verbose addNamed "latest" is being treated as a dist-tag for firebase-tools
11 info addNameTag [ 'firebase-tools', 'latest' ]
12 silly mapToRegistry name firebase-tools
13 silly mapToRegistry using default registry
14 silly mapToRegistry registry https://registry.npmjs.org/
15 silly mapToRegistry data Result {
15 silly mapToRegistry   raw: 'firebase-tools',
15 silly mapToRegistry   scope: null,
15 silly mapToRegistry   name: 'firebase-tools',
15 silly mapToRegistry   rawSpec: '',
15 silly mapToRegistry   spec: 'latest',
15 silly mapToRegistry   type: 'tag' }
16 silly mapToRegistry uri https://registry.npmjs.org/firebase-tools
17 verbose addNameTag registry:https://registry.npmjs.org/firebase-tools not in flight; fetching
18 verbose get https://registry.npmjs.org/firebase-tools not expired, no request
19 silly addNameTag next cb for firebase-tools with tag latest
20 silly addNamed firebase-tools@3.0.4
21 verbose addNamed "3.0.4" is a plain semver version for firebase-tools
22 silly cache afterAdd firebase-tools@3.0.4
23 verbose afterAdd /Users/vesali/.npm/firebase-tools/3.0.4/package/package.json not in flight; writing
24 verbose correctMkdir /Users/vesali/.npm correctMkdir not in flight; initializing
25 verbose afterAdd /Users/vesali/.npm/firebase-tools/3.0.4/package/package.json written
26 silly install resolved [ { name: 'firebase-tools',
26 silly install resolved     version: '3.0.4',
26 silly install resolved     description: 'Command-Line Interface for Firebase',
26 silly install resolved     main: 'index.js',
26 silly install resolved     bin: { firebase: './bin/firebase' },
26 silly install resolved     scripts: { test: 'gulp' },
26 silly install resolved     repository:
26 silly install resolved      { type: 'git',
26 silly install resolved        url: 'git+https://github.com/firebase/firebase-tools.git' },
26 silly install resolved     keywords:
26 silly install resolved      [ 'cdn',
26 silly install resolved        'cli',
26 silly install resolved        'ssl',
26 silly install resolved        'cloud',
26 silly install resolved        'hosting',
26 silly install resolved        'firebase',
26 silly install resolved        'realtime',
26 silly install resolved        'websockets',
26 silly install resolved        'synchronization' ],
26 silly install resolved     preferGlobal: true,
26 silly install resolved     engines: { node: '>=0.10.0' },
26 silly install resolved     'engine-strict': true,
26 silly install resolved     author: { name: 'Firebase', url: 'https://firebase.google.com/' },
26 silly install resolved     license: 'MIT',
26 silly install resolved     bugs: { url: 'https://github.com/firebase/firebase-tools/issues' },
26 silly install resolved     files: [ 'bin/**', 'lib/**', 'commands/**', 'templates/**', 'index.js' ],
26 silly install resolved     homepage: 'https://github.com/firebase/firebase-tools',
26 silly install resolved     dependencies:
26 silly install resolved      { archiver: '^0.16.0',
26 silly install resolved        chalk: '^1.1.0',
26 silly install resolved        cjson: '^0.3.1',
26 silly install resolved        'cli-table': '^0.3.1',
26 silly install resolved        commander: '^2.8.1',
26 silly install resolved        'concat-stream': '^1.5.0',
26 silly install resolved        configstore: '^1.2.0',
26 silly install resolved        didyoumean: '^1.2.1',
26 silly install resolved        'exit-code': '^1.0.2',
26 silly install resolved        filesize: '^3.1.3',
26 silly install resolved        firebase: '2.x.x',
26 silly install resolved        'fs-extra': '^0.23.1',
26 silly install resolved        'fstream-ignore': '^1.0.2',
26 silly install resolved        googleapis: '^2.1.7',
26 silly install resolved        inquirer: '^0.12.0',
26 silly install resolved        jsonschema: '^1.0.2',
26 silly install resolved        jsonwebtoken: '^5.4.0',
26 silly install resolved        lodash: '^4.6.1',
26 silly install resolved        'node-uuid': '^1.4.3',
26 silly install resolved        open: '^0.0.5',
26 silly install resolved        portfinder: '^0.4.0',
26 silly install resolved        progress: '^1.1.8',
26 silly install resolved        request: '^2.58.0',
26 silly install resolved        rsvp: '^3.0.18',
26 silly install resolved        semver: '^5.0.3',
26 silly install resolved        shelljs: '^0.5.3',
26 silly install resolved        superstatic: '^4.0',
26 silly install resolved        tar: '^2.2.0',
26 silly install resolved        through: '^2.3.8',
26 silly install resolved        tmp: '0.0.27',
26 silly install resolved        'universal-analytics': '^0.3.9',
26 silly install resolved        'update-notifier': '^0.5.0',
26 silly install resolved        'user-home': '^2.0.0',
26 silly install resolved        uuid: '^2.0.1',
26 silly install resolved        winston: '^1.0.1' },
26 silly install resolved     devDependencies:
26 silly install resolved      { chai: '^3.0.0',
26 silly install resolved        'chai-as-promised': '^5.1.0',
26 silly install resolved        coveralls: '2.11.2',
26 silly install resolved        eslint: '^1.4.1',
26 silly install resolved        gulp: '^3.9.0',
26 silly install resolved        'gulp-eslint': '^1.0.0',
26 silly install resolved        'gulp-exit': '0.0.2',
26 silly install resolved        'gulp-istanbul': '^0.10.0',
26 silly install resolved        'gulp-mocha': '^2.1.2',
26 silly install resolved        'jshint-stylish': '^2.0.1',
26 silly install resolved        nock: '^2.10.0',
26 silly install resolved        sinon: '^1.17.4',
26 silly install resolved        'sinon-as-promised': '^4.0.0',
26 silly install resolved        'sinon-chai': '^2.8.0' },
26 silly install resolved     gitHead: 'a6eebd03540b7fd9991a610f15002df5997e2e13',
26 silly install resolved     _id: 'firebase-tools@3.0.4',
26 silly install resolved     _shasum: 'f697a09411bf0aec1485a6fd5f75e24c299a0740',
26 silly install resolved     _from: 'firebase-tools@latest',
26 silly install resolved     _npmVersion: '2.7.5',
26 silly install resolved     _nodeVersion: '0.10.38',
26 silly install resolved     _npmUser: { name: 'firebase', email: 'operations@firebase.com' },
26 silly install resolved     maintainers: [ [Object] ],
26 silly install resolved     dist:
26 silly install resolved      { shasum: 'f697a09411bf0aec1485a6fd5f75e24c299a0740',
26 silly install resolved        tarball: 'https://registry.npmjs.org/firebase-tools/-/firebase-tools-3.0.4.tgz' },
26 silly install resolved     _npmOperationalInternal:
26 silly install resolved      { host: 'packages-12-west.internal.npmjs.com',
26 silly install resolved        tmp: 'tmp/firebase-tools-3.0.4.tgz_1467252143035_0.19372121174819767' },
26 silly install resolved     directories: {},
26 silly install resolved     _resolved: 'https://registry.npmjs.org/firebase-tools/-/firebase-tools-3.0.4.tgz',
26 silly install resolved     readme: 'ERROR: No README data found!' } ]
27 info install firebase-tools@3.0.4 into /usr/local/lib
28 info installOne firebase-tools@3.0.4
29 verbose installOne of firebase-tools to /usr/local/lib not in flight; installing
30 verbose correctMkdir /Users/vesali/.npm/_locks correctMkdir not in flight; initializing
31 verbose lock using /Users/vesali/.npm/_locks/firebase-tools-10d1b8d676fd02fa.lock for /usr/local/lib/node_modules/firebase-tools
32 silly install write writing firebase-tools 3.0.4 to /usr/local/lib/node_modules/firebase-tools
33 verbose unbuild lib/node_modules/firebase-tools
34 silly gentlyRm /usr/local/lib/node_modules/firebase-tools is being purged from base /usr/local
35 verbose gentlyRm don't care about contents; nuking /usr/local/lib/node_modules/firebase-tools
36 verbose tar unpack /Users/vesali/.npm/firebase-tools/3.0.4/package.tgz
37 verbose tar unpacking to /usr/local/lib/node_modules/firebase-tools
38 silly gentlyRm /usr/local/lib/node_modules/firebase-tools is being purged
39 verbose gentlyRm don't care about contents; nuking /usr/local/lib/node_modules/firebase-tools
40 silly gunzTarPerm modes [ '755', '644' ]
41 error tar.unpack untar error /Users/vesali/.npm/firebase-tools/3.0.4/package.tgz
42 verbose unlock done using /Users/vesali/.npm/_locks/firebase-tools-10d1b8d676fd02fa.lock for /usr/local/lib/node_modules/firebase-tools
43 verbose fstream_path /usr/local/lib/node_modules/firebase-tools
44 verbose fstream_type Directory
45 verbose fstream_class DirWriter
46 verbose stack Error: EACCES: permission denied, mkdir '/usr/local/lib/node_modules/firebase-tools'
46 verbose stack     at Error (native)
47 verbose fstream_stack /usr/local/lib/node_modules/npm/node_modules/fstream/lib/dir-writer.js:35:25
47 verbose fstream_stack /usr/local/lib/node_modules/npm/node_modules/mkdirp/index.js:47:53
47 verbose fstream_stack FSReqWrap.oncomplete (fs.js:82:15)
48 verbose cwd /Users/vesali/Desktop/orbital1202_master
49 error Darwin 15.5.0
50 error argv "/usr/local/bin/node" "/usr/local/bin/npm" "install" "-g" "firebase-tools"
51 error node v4.4.5
52 error npm  v2.15.5
53 error path /usr/local/lib/node_modules/firebase-tools
54 error code EACCES
55 error errno -13
56 error syscall mkdir
57 error Error: EACCES: permission denied, mkdir '/usr/local/lib/node_modules/firebase-tools'
57 error     at Error (native)
57 error  { [Error: EACCES: permission denied, mkdir '/usr/local/lib/node_modules/firebase-tools']
57 error   errno: -13,
57 error   code: 'EACCES',
57 error   syscall: 'mkdir',
57 error   path: '/usr/local/lib/node_modules/firebase-tools',
57 error   fstream_type: 'Directory',
57 error   fstream_path: '/usr/local/lib/node_modules/firebase-tools',
57 error   fstream_class: 'DirWriter',
57 error   fstream_stack:
57 error    [ '/usr/local/lib/node_modules/npm/node_modules/fstream/lib/dir-writer.js:35:25',
57 error      '/usr/local/lib/node_modules/npm/node_modules/mkdirp/index.js:47:53',
57 error      'FSReqWrap.oncomplete (fs.js:82:15)' ] }
58 error Please try running this command again as root/Administrator.
59 verbose exit [ -13, true ]
60 verbose unbuild lib/node_modules/firebase-tools
61 silly gentlyRm /usr/local/lib/node_modules/firebase-tools is being purged from base /usr/local
62 verbose gentlyRm don't care about contents; nuking /usr/local/lib/node_modules/firebase-tools
